Using pre-set license
Built from '2020.2/staging' branch; Version is '2020.2.3f1 (8ff31bc5bf5b) revision 9433883'; Using compiler version '192528614'; Build Type 'Release'
OS: 'Windows 10 Pro; OS build 19042.928; Version 2009; 64bit' Language: 'ko' Physical Memory: 16259 MB
BatchMode: 1, IsHumanControllingUs: 0, StartBugReporterOnCrash: 0, Is64bit: 1, IsPro: 0

 COMMAND LINE ARGUMENTS:
C:\Program Files\Unity\Hub\Editor\2020.2.3f1\Editor\Unity.exe
-adb2
-batchMode
-noUpm
-name
AssetImportWorker0
-projectPath
C:/Users/Jyosun/Desktop/Unity_Game/JSGAME12_VIDEOGAME
-logFile
Logs/AssetImportWorker0.log
-srvPort
53516
Successfully changed project path to: C:/Users/Jyosun/Desktop/Unity_Game/JSGAME12_VIDEOGAME
C:/Users/Jyosun/Desktop/Unity_Game/JSGAME12_VIDEOGAME
Using Asset Import Pipeline V2.
Refreshing native plugins compatible for Editor in 34.34 ms, found 0 plugins.
Preloading 0 native plugins for Editor in 0.00 ms.
Initialize engine version: 2020.2.3f1 (8ff31bc5bf5b)
[Subsystems] Discovering subsystems at path C:/Program Files/Unity/Hub/Editor/2020.2.3f1/Editor/Data/Resources/UnitySubsystems
[Subsystems] Discovering subsystems at path C:/Users/Jyosun/Desktop/Unity_Game/JSGAME12_VIDEOGAME/Assets
GfxDevice: creating device client; threaded=0
Direct3D:
    Version:  Direct3D 11.0 [level 11.1]
    Renderer: NVIDIA GeForce GTX 1050 Ti (ID=0x1c8c)
    Vendor:   
    VRAM:     4021 MB
    Driver:   23.21.13.9125
Initialize mono
Mono path[0] = 'C:/Program Files/Unity/Hub/Editor/2020.2.3f1/Editor/Data/Managed'
Mono path[1] = 'C:/Program Files/Unity/Hub/Editor/2020.2.3f1/Editor/Data/MonoBleedingEdge/lib/mono/unityjit'
Mono config path = 'C:/Program Files/Unity/Hub/Editor/2020.2.3f1/Editor/Data/MonoBleedingEdge/etc'
Using monoOptions --debugger-agent=transport=dt_socket,embedding=1,server=y,suspend=n,address=127.0.0.1:56708
Begin MonoManager ReloadAssembly
Registering precompiled unity dll's ...
Register platform support module: C:/Program Files/Unity/Hub/Editor/2020.2.3f1/Editor/Data/PlaybackEngines/WindowsStandaloneSupport/UnityEditor.WindowsStandalone.Extensions.dll
Registered in 0.005789 seconds.
Native extension for WindowsStandalone target not found
Refreshing native plugins compatible for Editor in 32.11 ms, found 0 plugins.
Preloading 0 native plugins for Editor in 0.00 ms.
Invoked RoslynAnalysisRunner static constructor.
RoslynAnalysisRunner will not be running.
RoslynAnalysisRunner has terminated.
Mono: successfully reloaded assembly
- Completed reload, in  3.751 seconds
Platform modules already initialized, skipping
Registering precompiled user dll's ...
Registered in 0.002096 seconds.
Begin MonoManager ReloadAssembly
Native extension for WindowsStandalone target not found
Refreshing native plugins compatible for Editor in 0.24 ms, found 0 plugins.
Preloading 0 native plugins for Editor in 0.00 ms.
Invoked RoslynAnalysisRunner static constructor.
RoslynAnalysisRunner will not be running.
RoslynAnalysisRunner has terminated.
Mono: successfully reloaded assembly
- Completed reload, in  1.351 seconds
Platform modules already initialized, skipping
========================================================================
Worker process is ready to serve import requests
Launched and connected shader compiler UnityShaderCompiler.exe after 0.11 seconds
Refreshing native plugins compatible for Editor in 0.38 ms, found 0 plugins.
Preloading 0 native plugins for Editor in 0.00 ms.
Unloading 1108 Unused Serialized files (Serialized files now loaded: 0)
System memory in use before: 59.6 MB.
System memory in use after: 59.6 MB.

Unloading 10 unused Assets to reduce memory usage. Loaded Objects now: 1550.
Total: 2.493500 ms (FindLiveObjects: 0.327200 ms CreateObjectMapping: 0.105900 ms MarkObjects: 1.947800 ms  DeleteObjects: 0.110500 ms)

========================================================================
Received Import Request.
  path: Assets/Scenes/Level 02.unity
  artifactKey: Guid(3b4c253eba7c80a4990468357a09a0e2) Importer(815301076,1909f56bfc062723c751e8b465ee728b)
Start importing Assets/Scenes/Level 02.unity using Guid(3b4c253eba7c80a4990468357a09a0e2) Importer(815301076,1909f56bfc062723c751e8b465ee728b)  -> (artifact id: '91fb053114154fae55beaa98b6dd653b') in 0.019794 seconds
  Import took 0.022752 seconds .

========================================================================
Received Import Request.
  Time since last request: 0.000610 seconds.
  path: Assets/Scenes
  artifactKey: Guid(70597b365d108e94b8cdefe47ab304ba) Importer(815301076,1909f56bfc062723c751e8b465ee728b)
Start importing Assets/Scenes using Guid(70597b365d108e94b8cdefe47ab304ba) Importer(815301076,1909f56bfc062723c751e8b465ee728b)  -> (artifact id: 'a042b36765163811fd8fe15dbf9fe24a') in 0.005935 seconds
  Import took 0.009038 seconds .

========================================================================
Received Import Request.
  Time since last request: 0.000433 seconds.
  path: Assets/Scenes/Level 03.unity
  artifactKey: Guid(db18f7413b7cb9045acd0b95475fc21f) Importer(815301076,1909f56bfc062723c751e8b465ee728b)
Start importing Assets/Scenes/Level 03.unity using Guid(db18f7413b7cb9045acd0b95475fc21f) Importer(815301076,1909f56bfc062723c751e8b465ee728b)  -> (artifact id: 'e146c2d2838f4f4439b91b55a4514c0e') in 0.006378 seconds
  Import took 0.009401 seconds .

AssetImportWorkerClient::OnTransportError - code=2 error=End of file
