Using pre-set license
Built from '2020.2/staging' branch; Version is '2020.2.3f1 (8ff31bc5bf5b) revision 9433883'; Using compiler version '192528614'; Build Type 'Release'
OS: 'Windows 10 Pro; OS build 19042.928; Version 2009; 64bit' Language: 'ko' Physical Memory: 16259 MB
BatchMode: 1, IsHumanControllingUs: 0, StartBugReporterOnCrash: 0, Is64bit: 1, IsPro: 0

 COMMAND LINE ARGUMENTS:
C:\Program Files\Unity\Hub\Editor\2020.2.3f1\Editor\Unity.exe
-adb2
-batchMode
-noUpm
-name
AssetImportWorker0
-projectPath
C:/Users/Jyosun/Desktop/Unity_Game/JSGAME12/JSGAME12_VIDEOGAME
-logFile
Logs/AssetImportWorker0.log
-srvPort
51826
Successfully changed project path to: C:/Users/Jyosun/Desktop/Unity_Game/JSGAME12/JSGAME12_VIDEOGAME
C:/Users/Jyosun/Desktop/Unity_Game/JSGAME12/JSGAME12_VIDEOGAME
Using Asset Import Pipeline V2.
Refreshing native plugins compatible for Editor in 28.83 ms, found 0 plugins.
Preloading 0 native plugins for Editor in 0.00 ms.
Initialize engine version: 2020.2.3f1 (8ff31bc5bf5b)
[Subsystems] Discovering subsystems at path C:/Program Files/Unity/Hub/Editor/2020.2.3f1/Editor/Data/Resources/UnitySubsystems
[Subsystems] Discovering subsystems at path C:/Users/Jyosun/Desktop/Unity_Game/JSGAME12/JSGAME12_VIDEOGAME/Assets
GfxDevice: creating device client; threaded=0
Direct3D:
    Version:  Direct3D 11.0 [level 11.1]
    Renderer: NVIDIA GeForce GTX 1050 Ti (ID=0x1c8c)
    Vendor:   
    VRAM:     4021 MB
    Driver:   23.21.13.9125
Initialize mono
Mono path[0] = 'C:/Program Files/Unity/Hub/Editor/2020.2.3f1/Editor/Data/Managed'
Mono path[1] = 'C:/Program Files/Unity/Hub/Editor/2020.2.3f1/Editor/Data/MonoBleedingEdge/lib/mono/unityjit'
Mono config path = 'C:/Program Files/Unity/Hub/Editor/2020.2.3f1/Editor/Data/MonoBleedingEdge/etc'
Using monoOptions --debugger-agent=transport=dt_socket,embedding=1,server=y,suspend=n,address=127.0.0.1:56268
Begin MonoManager ReloadAssembly
Registering precompiled unity dll's ...
Register platform support module: C:/Program Files/Unity/Hub/Editor/2020.2.3f1/Editor/Data/PlaybackEngines/WindowsStandaloneSupport/UnityEditor.WindowsStandalone.Extensions.dll
Registered in 0.004447 seconds.
Native extension for WindowsStandalone target not found
Refreshing native plugins compatible for Editor in 27.50 ms, found 0 plugins.
Preloading 0 native plugins for Editor in 0.00 ms.
Invoked RoslynAnalysisRunner static constructor.
RoslynAnalysisRunner will not be running.
RoslynAnalysisRunner has terminated.
Mono: successfully reloaded assembly
- Completed reload, in  2.929 seconds
Platform modules already initialized, skipping
Registering precompiled user dll's ...
Registered in 0.001480 seconds.
Begin MonoManager ReloadAssembly
Native extension for WindowsStandalone target not found
Refreshing native plugins compatible for Editor in 0.23 ms, found 0 plugins.
Preloading 0 native plugins for Editor in 0.00 ms.
Invoked RoslynAnalysisRunner static constructor.
RoslynAnalysisRunner will not be running.
RoslynAnalysisRunner has terminated.
Mono: successfully reloaded assembly
- Completed reload, in  1.078 seconds
Platform modules already initialized, skipping
========================================================================
Worker process is ready to serve import requests
Launched and connected shader compiler UnityShaderCompiler.exe after 0.09 seconds
Refreshing native plugins compatible for Editor in 0.20 ms, found 0 plugins.
Preloading 0 native plugins for Editor in 0.00 ms.
Unloading 1106 Unused Serialized files (Serialized files now loaded: 0)
System memory in use before: 59.4 MB.
System memory in use after: 59.4 MB.

Unloading 10 unused Assets to reduce memory usage. Loaded Objects now: 1548.
Total: 2.625200 ms (FindLiveObjects: 0.387900 ms CreateObjectMapping: 0.307900 ms MarkObjects: 1.777000 ms  DeleteObjects: 0.150500 ms)

========================================================================
Received Import Request.
  path: Assets/Scenes/Level01 1.unity
  artifactKey: Guid(e91987ed68ac35244a86eab61a779a03) Importer(815301076,1909f56bfc062723c751e8b465ee728b)
Start importing Assets/Scenes/Level01 1.unity using Guid(e91987ed68ac35244a86eab61a779a03) Importer(815301076,1909f56bfc062723c751e8b465ee728b)  -> (artifact id: '8bd576c092730cd4d54db93528ccfc52') in 0.015179 seconds
  Import took 0.018200 seconds .

========================================================================
Received Import Request.
  Time since last request: 30.662507 seconds.
  path: Assets/Level01 1.unity
  artifactKey: Guid(567eb86fcdac1a34c8a35779b496313b) Importer(815301076,1909f56bfc062723c751e8b465ee728b)
Start importing Assets/Level01 1.unity using Guid(567eb86fcdac1a34c8a35779b496313b) Importer(815301076,1909f56bfc062723c751e8b465ee728b)  -> (artifact id: '423d88d1dcbea634ecc46fc9fc0106e3') in 0.006770 seconds
  Import took 0.010371 seconds .

========================================================================
Received Import Request.
  Time since last request: 35.410866 seconds.
  path: Assets/Scenes/Level 0.unity
  artifactKey: Guid(125615d2bc1935e4681ff105fee6dde9) Importer(815301076,1909f56bfc062723c751e8b465ee728b)
Start importing Assets/Scenes/Level 0.unity using Guid(125615d2bc1935e4681ff105fee6dde9) Importer(815301076,1909f56bfc062723c751e8b465ee728b)  -> (artifact id: '740bc4e265b381b6dcf10e4e94beae8a') in 0.006600 seconds
  Import took 0.009387 seconds .

========================================================================
Received Import Request.
  Time since last request: 0.256258 seconds.
  path: Assets/Scenes/Level 1.unity
  artifactKey: Guid(bcb5c8e94b67319428808a23e10a008d) Importer(815301076,1909f56bfc062723c751e8b465ee728b)
Start importing Assets/Scenes/Level 1.unity using Guid(bcb5c8e94b67319428808a23e10a008d) Importer(815301076,1909f56bfc062723c751e8b465ee728b)  -> (artifact id: '9652024e5eae7c9eb4514a6404d4b07c') in 0.007028 seconds
  Import took 0.012601 seconds .

========================================================================
Received Import Request.
  Time since last request: 1.187568 seconds.
  path: Assets/Scenes/Level 2.unity
  artifactKey: Guid(7901ac5aa0a5a0647aedca3c4a96d120) Importer(815301076,1909f56bfc062723c751e8b465ee728b)
Start importing Assets/Scenes/Level 2.unity using Guid(7901ac5aa0a5a0647aedca3c4a96d120) Importer(815301076,1909f56bfc062723c751e8b465ee728b)  -> (artifact id: '0ae442686a98f002fb216f9f1957750d') in 0.006915 seconds
  Import took 0.009636 seconds .

========================================================================
Received Import Request.
  Time since last request: 12.096167 seconds.
  path: Assets/Scenes/Level 01.unity
  artifactKey: Guid(125615d2bc1935e4681ff105fee6dde9) Importer(815301076,1909f56bfc062723c751e8b465ee728b)
Start importing Assets/Scenes/Level 01.unity using Guid(125615d2bc1935e4681ff105fee6dde9) Importer(815301076,1909f56bfc062723c751e8b465ee728b)  -> (artifact id: '08ba9fadf478ecb17f74930afb627756') in 0.007980 seconds
  Import took 0.010537 seconds .

========================================================================
Received Import Request.
  Time since last request: 1.386786 seconds.
  path: Assets/Scenes/Level 02.unity
  artifactKey: Guid(816bd2b35609888489d4017e2270c6b8) Importer(815301076,1909f56bfc062723c751e8b465ee728b)
Start importing Assets/Scenes/Level 02.unity using Guid(816bd2b35609888489d4017e2270c6b8) Importer(815301076,1909f56bfc062723c751e8b465ee728b)  -> (artifact id: '3a64b2fb4c67e70fe4603600a0d93af7') in 0.008520 seconds
  Import took 0.011590 seconds .

========================================================================
Received Import Request.
  Time since last request: 36.538122 seconds.
  path: Assets/Scenes/Level 02.unity
  artifactKey: Guid(705b2adf89f22ae458db6998f084b453) Importer(815301076,1909f56bfc062723c751e8b465ee728b)
Start importing Assets/Scenes/Level 02.unity using Guid(705b2adf89f22ae458db6998f084b453) Importer(815301076,1909f56bfc062723c751e8b465ee728b)  -> (artifact id: '2bbafcfb5fb81de792894e691a65b7b4') in 0.006489 seconds
  Import took 0.009392 seconds .

========================================================================
Received Import Request.
  Time since last request: 152.106798 seconds.
  path: Assets/Scenes/Level 02.unity
  artifactKey: Guid(705b2adf89f22ae458db6998f084b453) Importer(815301076,1909f56bfc062723c751e8b465ee728b)
Start importing Assets/Scenes/Level 02.unity using Guid(705b2adf89f22ae458db6998f084b453) Importer(815301076,1909f56bfc062723c751e8b465ee728b)  -> (artifact id: 'ac23a2deedfa3bae29c23337fb1cae93') in 0.007175 seconds
  Import took 0.009601 seconds .

========================================================================
Received Import Request.
  Time since last request: 46.885050 seconds.
  path: Assets/Prefabs/GameManager.prefab
  artifactKey: Guid(2c780dc6ef8164b498e711ba7d594fe0) Importer(815301076,1909f56bfc062723c751e8b465ee728b)
Start importing Assets/Prefabs/GameManager.prefab using Guid(2c780dc6ef8164b498e711ba7d594fe0) Importer(815301076,1909f56bfc062723c751e8b465ee728b)  -> (artifact id: 'b2ddf7904b64b774d60befe45b1e9138') in 0.091458 seconds
  Import took 0.094175 seconds .

========================================================================
Received Import Request.
  Time since last request: 1.250080 seconds.
  path: Assets/Prefabs/Main Camera.prefab
  artifactKey: Guid(db4e8dbff6fd69d43854ea19b03ce3d3) Importer(815301076,1909f56bfc062723c751e8b465ee728b)
Start importing Assets/Prefabs/Main Camera.prefab using Guid(db4e8dbff6fd69d43854ea19b03ce3d3) Importer(815301076,1909f56bfc062723c751e8b465ee728b)  -> (artifact id: 'be72f1ceab19c734020ecd8d95c4c440') in 0.009914 seconds
  Import took 0.012845 seconds .

========================================================================
Received Import Request.
  Time since last request: 0.014531 seconds.
  path: Assets/Prefabs/Main Camera.prefab
  artifactKey: Guid(db4e8dbff6fd69d43854ea19b03ce3d3) Importer(815301076,1909f56bfc062723c751e8b465ee728b)
Start importing Assets/Prefabs/Main Camera.prefab using Guid(db4e8dbff6fd69d43854ea19b03ce3d3) Importer(815301076,1909f56bfc062723c751e8b465ee728b)  -> (artifact id: 'be72f1ceab19c734020ecd8d95c4c440') in 0.007188 seconds
  Import took 0.009621 seconds .

========================================================================
Received Import Request.
  Time since last request: 3.547064 seconds.
  path: Assets/Prefabs/Canvas.prefab
  artifactKey: Guid(bda207f0647b3a04e9d49d9b6fe6c550) Importer(815301076,1909f56bfc062723c751e8b465ee728b)
Start importing Assets/Prefabs/Canvas.prefab using Guid(bda207f0647b3a04e9d49d9b6fe6c550) Importer(815301076,1909f56bfc062723c751e8b465ee728b)  -> (artifact id: '40c097f7699b5cede892ac29817120d4') in 0.024472 seconds
  Import took 0.026773 seconds .

========================================================================
Received Import Request.
  Time since last request: 0.015295 seconds.
  path: Assets/Prefabs/Canvas.prefab
  artifactKey: Guid(bda207f0647b3a04e9d49d9b6fe6c550) Importer(815301076,1909f56bfc062723c751e8b465ee728b)
Start importing Assets/Prefabs/Canvas.prefab using Guid(bda207f0647b3a04e9d49d9b6fe6c550) Importer(815301076,1909f56bfc062723c751e8b465ee728b)  -> (artifact id: '40c097f7699b5cede892ac29817120d4') in 0.012698 seconds
  Import took 0.016084 seconds .

========================================================================
Received Import Request.
  Time since last request: 5.491443 seconds.
  path: Assets/Prefabs/END.prefab
  artifactKey: Guid(40ba70f0534175b47b61a9921e530eb9) Importer(815301076,1909f56bfc062723c751e8b465ee728b)
Start importing Assets/Prefabs/END.prefab using Guid(40ba70f0534175b47b61a9921e530eb9) Importer(815301076,1909f56bfc062723c751e8b465ee728b)  -> (artifact id: 'b34187ab9f26b9f58576abb48bf1e38f') in 0.104510 seconds
  Import took 0.107683 seconds .

========================================================================
Received Import Request.
  Time since last request: 91.794990 seconds.
  path: Assets/Scenes/Level 01.unity
  artifactKey: Guid(125615d2bc1935e4681ff105fee6dde9) Importer(815301076,1909f56bfc062723c751e8b465ee728b)
Start importing Assets/Scenes/Level 01.unity using Guid(125615d2bc1935e4681ff105fee6dde9) Importer(815301076,1909f56bfc062723c751e8b465ee728b)  -> (artifact id: 'ff7c6b6d14b9c4d95731812ab6bf4a15') in 0.006947 seconds
  Import took 0.009796 seconds .

========================================================================
Received Import Request.
  Time since last request: 0.455188 seconds.
  path: Assets/Scenes/Level 02.unity
  artifactKey: Guid(3b4c253eba7c80a4990468357a09a0e2) Importer(815301076,1909f56bfc062723c751e8b465ee728b)
Start importing Assets/Scenes/Level 02.unity using Guid(3b4c253eba7c80a4990468357a09a0e2) Importer(815301076,1909f56bfc062723c751e8b465ee728b)  -> (artifact id: '4f1a806a7c78752a0b7c020d3c8a95be') in 0.006986 seconds
  Import took 0.009937 seconds .

========================================================================
Received Import Request.
  Time since last request: 0.471763 seconds.
  path: Assets/Scenes/Level 03.unity
  artifactKey: Guid(db18f7413b7cb9045acd0b95475fc21f) Importer(815301076,1909f56bfc062723c751e8b465ee728b)
Start importing Assets/Scenes/Level 03.unity using Guid(db18f7413b7cb9045acd0b95475fc21f) Importer(815301076,1909f56bfc062723c751e8b465ee728b)  -> (artifact id: '0b81201e33367ea810457974e96734a8') in 0.006556 seconds
  Import took 0.009262 seconds .

========================================================================
Received Prepare
Registering precompiled user dll's ...
Registered in 0.002172 seconds.
Begin MonoManager ReloadAssembly
Native extension for WindowsStandalone target not found
Refreshing native plugins compatible for Editor in 0.23 ms, found 0 plugins.
Preloading 0 native plugins for Editor in 0.00 ms.
Invoked RoslynAnalysisRunner static constructor.
RoslynAnalysisRunner will not be running.
RoslynAnalysisRunner has terminated.
Mono: successfully reloaded assembly
- Completed reload, in  1.331 seconds
Platform modules already initialized, skipping
Refreshing native plugins compatible for Editor in 0.24 ms, found 0 plugins.
Preloading 0 native plugins for Editor in 0.00 ms.
Unloading 1101 Unused Serialized files (Serialized files now loaded: 0)
System memory in use before: 62.5 MB.
System memory in use after: 62.6 MB.

Unloading 5 unused Assets to reduce memory usage. Loaded Objects now: 1558.
Total: 2.118000 ms (FindLiveObjects: 0.193100 ms CreateObjectMapping: 0.058500 ms MarkObjects: 1.794400 ms  DeleteObjects: 0.069600 ms)

========================================================================
Received Import Request.
  Time since last request: 132.970248 seconds.
  path: Assets/Scenes/Level 01.unity
  artifactKey: Guid(125615d2bc1935e4681ff105fee6dde9) Importer(815301076,1909f56bfc062723c751e8b465ee728b)
Start importing Assets/Scenes/Level 01.unity using Guid(125615d2bc1935e4681ff105fee6dde9) Importer(815301076,1909f56bfc062723c751e8b465ee728b)  -> (artifact id: 'ad622c8e6a3ffa122e4391eb068b4d03') in 0.018420 seconds
  Import took 0.021007 seconds .

========================================================================
Received Prepare
Registering precompiled user dll's ...
Registered in 0.001778 seconds.
Begin MonoManager ReloadAssembly
Native extension for WindowsStandalone target not found
Refreshing native plugins compatible for Editor in 0.33 ms, found 0 plugins.
Preloading 0 native plugins for Editor in 0.00 ms.
Invoked RoslynAnalysisRunner static constructor.
RoslynAnalysisRunner will not be running.
RoslynAnalysisRunner has terminated.
Mono: successfully reloaded assembly
- Completed reload, in  1.264 seconds
Platform modules already initialized, skipping
Refreshing native plugins compatible for Editor in 0.24 ms, found 0 plugins.
Preloading 0 native plugins for Editor in 0.00 ms.
Unloading 1101 Unused Serialized files (Serialized files now loaded: 0)
System memory in use before: 62.6 MB.
System memory in use after: 62.6 MB.

Unloading 5 unused Assets to reduce memory usage. Loaded Objects now: 1560.
Total: 2.091700 ms (FindLiveObjects: 0.179100 ms CreateObjectMapping: 0.049600 ms MarkObjects: 1.794400 ms  DeleteObjects: 0.066600 ms)

========================================================================
Received Prepare
Registering precompiled user dll's ...
Registered in 0.001693 seconds.
Begin MonoManager ReloadAssembly
Native extension for WindowsStandalone target not found
Refreshing native plugins compatible for Editor in 0.28 ms, found 0 plugins.
Preloading 0 native plugins for Editor in 0.00 ms.
Invoked RoslynAnalysisRunner static constructor.
RoslynAnalysisRunner will not be running.
RoslynAnalysisRunner has terminated.
Mono: successfully reloaded assembly
- Completed reload, in  1.257 seconds
Platform modules already initialized, skipping
Refreshing native plugins compatible for Editor in 0.23 ms, found 0 plugins.
Preloading 0 native plugins for Editor in 0.00 ms.
Unloading 1101 Unused Serialized files (Serialized files now loaded: 0)
System memory in use before: 62.6 MB.
System memory in use after: 62.7 MB.

Unloading 5 unused Assets to reduce memory usage. Loaded Objects now: 1562.
Total: 2.120200 ms (FindLiveObjects: 0.173100 ms CreateObjectMapping: 0.050300 ms MarkObjects: 1.826900 ms  DeleteObjects: 0.067700 ms)

========================================================================
Received Import Request.
  Time since last request: 75.515383 seconds.
  path: Assets/Scenes/Level 02.unity
  artifactKey: Guid(3b4c253eba7c80a4990468357a09a0e2) Importer(815301076,1909f56bfc062723c751e8b465ee728b)
Start importing Assets/Scenes/Level 02.unity using Guid(3b4c253eba7c80a4990468357a09a0e2) Importer(815301076,1909f56bfc062723c751e8b465ee728b)  -> (artifact id: '2f7a96b98ed85139f1c6fcdda9bbb864') in 0.017403 seconds
  Import took 0.020020 seconds .

========================================================================
Received Import Request.
  Time since last request: 16.661053 seconds.
  path: Assets/Scenes/Level 02.unity
  artifactKey: Guid(3b4c253eba7c80a4990468357a09a0e2) Importer(815301076,1909f56bfc062723c751e8b465ee728b)
Start importing Assets/Scenes/Level 02.unity using Guid(3b4c253eba7c80a4990468357a09a0e2) Importer(815301076,1909f56bfc062723c751e8b465ee728b)  -> (artifact id: '7c539f6d1c4b86cce516c0ed0a98ec65') in 0.006600 seconds
  Import took 0.009499 seconds .

========================================================================
Received Import Request.
  Time since last request: 1.811213 seconds.
  path: Assets/Scenes/Level 03.unity
  artifactKey: Guid(db18f7413b7cb9045acd0b95475fc21f) Importer(815301076,1909f56bfc062723c751e8b465ee728b)
Start importing Assets/Scenes/Level 03.unity using Guid(db18f7413b7cb9045acd0b95475fc21f) Importer(815301076,1909f56bfc062723c751e8b465ee728b)  -> (artifact id: '0ad3e93a535a144f3ca29b27b28a7c49') in 0.006979 seconds
  Import took 0.010510 seconds .

========================================================================
Received Import Request.
  Time since last request: 12.562019 seconds.
  path: Assets/Scenes/Level 01.unity
  artifactKey: Guid(125615d2bc1935e4681ff105fee6dde9) Importer(815301076,1909f56bfc062723c751e8b465ee728b)
Start importing Assets/Scenes/Level 01.unity using Guid(125615d2bc1935e4681ff105fee6dde9) Importer(815301076,1909f56bfc062723c751e8b465ee728b)  -> (artifact id: 'ace6fdc9bc8ba4298799b2de013988c6') in 0.006580 seconds
  Import took 0.009524 seconds .

========================================================================
Received Prepare
Registering precompiled user dll's ...
Registered in 0.001503 seconds.
Begin MonoManager ReloadAssembly
Native extension for WindowsStandalone target not found
Refreshing native plugins compatible for Editor in 0.27 ms, found 0 plugins.
Preloading 0 native plugins for Editor in 0.00 ms.
Invoked RoslynAnalysisRunner static constructor.
RoslynAnalysisRunner will not be running.
RoslynAnalysisRunner has terminated.
Mono: successfully reloaded assembly
- Completed reload, in  1.247 seconds
Platform modules already initialized, skipping
Refreshing native plugins compatible for Editor in 0.25 ms, found 0 plugins.
Preloading 0 native plugins for Editor in 0.00 ms.
Unloading 1101 Unused Serialized files (Serialized files now loaded: 0)
System memory in use before: 62.6 MB.
System memory in use after: 62.7 MB.

Unloading 5 unused Assets to reduce memory usage. Loaded Objects now: 1564.
Total: 2.075300 ms (FindLiveObjects: 0.149800 ms CreateObjectMapping: 0.043700 ms MarkObjects: 1.813700 ms  DeleteObjects: 0.066600 ms)

========================================================================
Received Import Request.
  Time since last request: 184.455841 seconds.
  path: Assets/Scripts/PlayerMovement.cs
  artifactKey: Guid(45ec052cce2ee514e9000a2ed85a77ee) Importer(815301076,1909f56bfc062723c751e8b465ee728b)
Start importing Assets/Scripts/PlayerMovement.cs using Guid(45ec052cce2ee514e9000a2ed85a77ee) Importer(815301076,1909f56bfc062723c751e8b465ee728b)  -> (artifact id: 'efcb750ccd35996b7be5c9e08b373f6d') in 0.026595 seconds
  Import took 0.030373 seconds .

========================================================================
Received Prepare
Registering precompiled user dll's ...
Registered in 0.002987 seconds.
Begin MonoManager ReloadAssembly
Native extension for WindowsStandalone target not found
Refreshing native plugins compatible for Editor in 0.23 ms, found 0 plugins.
Preloading 0 native plugins for Editor in 0.00 ms.
Invoked RoslynAnalysisRunner static constructor.
RoslynAnalysisRunner will not be running.
RoslynAnalysisRunner has terminated.
Mono: successfully reloaded assembly
- Completed reload, in  1.266 seconds
Platform modules already initialized, skipping
Refreshing native plugins compatible for Editor in 0.32 ms, found 0 plugins.
Preloading 0 native plugins for Editor in 0.00 ms.
Unloading 1101 Unused Serialized files (Serialized files now loaded: 0)
System memory in use before: 62.6 MB.
System memory in use after: 62.7 MB.

Unloading 5 unused Assets to reduce memory usage. Loaded Objects now: 1566.
Total: 3.269700 ms (FindLiveObjects: 0.252600 ms CreateObjectMapping: 0.088200 ms MarkObjects: 2.855000 ms  DeleteObjects: 0.072400 ms)

========================================================================
Received Import Request.
  Time since last request: 24.913675 seconds.
  path: Assets/Scenes/Level 01.unity
  artifactKey: Guid(125615d2bc1935e4681ff105fee6dde9) Importer(815301076,1909f56bfc062723c751e8b465ee728b)
Start importing Assets/Scenes/Level 01.unity using Guid(125615d2bc1935e4681ff105fee6dde9) Importer(815301076,1909f56bfc062723c751e8b465ee728b)  -> (artifact id: '1aea5d13bc493c63061d3bcbd8a21d44') in 0.020074 seconds
  Import took 0.023066 seconds .

========================================================================
Received Import Request.
  Time since last request: 0.000935 seconds.
  path: Assets/Scenes/Level 01.unity
  artifactKey: Guid(125615d2bc1935e4681ff105fee6dde9) Importer(815301076,1909f56bfc062723c751e8b465ee728b)
Start importing Assets/Scenes/Level 01.unity using Guid(125615d2bc1935e4681ff105fee6dde9) Importer(815301076,1909f56bfc062723c751e8b465ee728b)  -> (artifact id: '1aea5d13bc493c63061d3bcbd8a21d44') in 0.006785 seconds
  Import took 0.009638 seconds .

========================================================================
Received Import Request.
  Time since last request: 280.512211 seconds.
  path: Assets/Font/Roboto-Medium.ttf
  artifactKey: Guid(6e5c72bd4a58e4f4eba07ad931019af0) Importer(815301076,1909f56bfc062723c751e8b465ee728b)
Start importing Assets/Font/Roboto-Medium.ttf using Guid(6e5c72bd4a58e4f4eba07ad931019af0) Importer(815301076,1909f56bfc062723c751e8b465ee728b)  -> (artifact id: 'a4c4b2c311c9d2f09a8081a5757e3c27') in 0.107148 seconds
  Import took 0.110396 seconds .

========================================================================
Received Import Request.
  Time since last request: 332.726737 seconds.
  path: Assets/Scripts/Credits.cs
  artifactKey: Guid(e922b828f402df74793c0e1f7e22f38a) Importer(815301076,1909f56bfc062723c751e8b465ee728b)
Start importing Assets/Scripts/Credits.cs using Guid(e922b828f402df74793c0e1f7e22f38a) Importer(815301076,1909f56bfc062723c751e8b465ee728b)  -> (artifact id: 'cd6952859978cca04bd27d8f4cbf3f5d') in 0.006997 seconds
  Import took 0.014128 seconds .

========================================================================
Received Prepare
Registering precompiled user dll's ...
Registered in 0.001272 seconds.
Begin MonoManager ReloadAssembly
Native extension for WindowsStandalone target not found
Refreshing native plugins compatible for Editor in 0.41 ms, found 0 plugins.
Preloading 0 native plugins for Editor in 0.00 ms.
Invoked RoslynAnalysisRunner static constructor.
RoslynAnalysisRunner will not be running.
RoslynAnalysisRunner has terminated.
Mono: successfully reloaded assembly
- Completed reload, in  1.037 seconds
Platform modules already initialized, skipping
Refreshing native plugins compatible for Editor in 0.20 ms, found 0 plugins.
Preloading 0 native plugins for Editor in 0.00 ms.
Unloading 1102 Unused Serialized files (Serialized files now loaded: 0)
System memory in use before: 63.1 MB.
System memory in use after: 63.1 MB.

Unloading 5 unused Assets to reduce memory usage. Loaded Objects now: 1607.
Total: 2.014000 ms (FindLiveObjects: 0.251500 ms CreateObjectMapping: 0.066600 ms MarkObjects: 1.592800 ms  DeleteObjects: 0.101500 ms)

========================================================================
Received Prepare
Registering precompiled user dll's ...
Registered in 0.002226 seconds.
Begin MonoManager ReloadAssembly
Native extension for WindowsStandalone target not found
Refreshing native plugins compatible for Editor in 0.26 ms, found 0 plugins.
Preloading 0 native plugins for Editor in 0.00 ms.
Invoked RoslynAnalysisRunner static constructor.
RoslynAnalysisRunner will not be running.
RoslynAnalysisRunner has terminated.
Mono: successfully reloaded assembly
- Completed reload, in  1.467 seconds
Platform modules already initialized, skipping
Refreshing native plugins compatible for Editor in 0.25 ms, found 0 plugins.
Preloading 0 native plugins for Editor in 0.00 ms.
Unloading 1102 Unused Serialized files (Serialized files now loaded: 0)
System memory in use before: 63.1 MB.
System memory in use after: 63.1 MB.

Unloading 5 unused Assets to reduce memory usage. Loaded Objects now: 1609.
Total: 2.191100 ms (FindLiveObjects: 0.240300 ms CreateObjectMapping: 0.078000 ms MarkObjects: 1.804300 ms  DeleteObjects: 0.066800 ms)

========================================================================
Received Prepare
Registering precompiled user dll's ...
Registered in 0.001572 seconds.
Begin MonoManager ReloadAssembly
Native extension for WindowsStandalone target not found
Refreshing native plugins compatible for Editor in 0.25 ms, found 0 plugins.
Preloading 0 native plugins for Editor in 0.00 ms.
Invoked RoslynAnalysisRunner static constructor.
RoslynAnalysisRunner will not be running.
RoslynAnalysisRunner has terminated.
Mono: successfully reloaded assembly
- Completed reload, in  1.220 seconds
Platform modules already initialized, skipping
Refreshing native plugins compatible for Editor in 0.47 ms, found 0 plugins.
Preloading 0 native plugins for Editor in 0.00 ms.
Unloading 1102 Unused Serialized files (Serialized files now loaded: 0)
System memory in use before: 63.1 MB.
System memory in use after: 63.1 MB.

Unloading 5 unused Assets to reduce memory usage. Loaded Objects now: 1611.
Total: 2.289100 ms (FindLiveObjects: 0.167200 ms CreateObjectMapping: 0.046200 ms MarkObjects: 2.004200 ms  DeleteObjects: 0.069300 ms)

========================================================================
Received Prepare
Registering precompiled user dll's ...
Registered in 0.001767 seconds.
Begin MonoManager ReloadAssembly
Native extension for WindowsStandalone target not found
Refreshing native plugins compatible for Editor in 0.25 ms, found 0 plugins.
Preloading 0 native plugins for Editor in 0.00 ms.
Invoked RoslynAnalysisRunner static constructor.
RoslynAnalysisRunner will not be running.
RoslynAnalysisRunner has terminated.
Mono: successfully reloaded assembly
- Completed reload, in  1.316 seconds
Platform modules already initialized, skipping
Refreshing native plugins compatible for Editor in 0.49 ms, found 0 plugins.
Preloading 0 native plugins for Editor in 0.00 ms.
Unloading 1102 Unused Serialized files (Serialized files now loaded: 0)
System memory in use before: 63.1 MB.
System memory in use after: 63.1 MB.

Unloading 5 unused Assets to reduce memory usage. Loaded Objects now: 1613.
Total: 3.966900 ms (FindLiveObjects: 0.351100 ms CreateObjectMapping: 0.115800 ms MarkObjects: 3.393600 ms  DeleteObjects: 0.103800 ms)

========================================================================
Received Import Request.
  Time since last request: 169.773658 seconds.
  path: Assets/Scenes/Credits.unity
  artifactKey: Guid(e1fd36040e6ec5e4c9e429d8464892d9) Importer(815301076,1909f56bfc062723c751e8b465ee728b)
Start importing Assets/Scenes/Credits.unity using Guid(e1fd36040e6ec5e4c9e429d8464892d9) Importer(815301076,1909f56bfc062723c751e8b465ee728b)  -> (artifact id: '50134baa791f80c37d4311bd0e600e27') in 0.020873 seconds
  Import took 0.027187 seconds .

========================================================================
Received Import Request.
  Time since last request: 0.000578 seconds.
  path: Assets/Scenes/Credits.unity
  artifactKey: Guid(e1fd36040e6ec5e4c9e429d8464892d9) Importer(815301076,1909f56bfc062723c751e8b465ee728b)
Start importing Assets/Scenes/Credits.unity using Guid(e1fd36040e6ec5e4c9e429d8464892d9) Importer(815301076,1909f56bfc062723c751e8b465ee728b)  -> (artifact id: '50134baa791f80c37d4311bd0e600e27') in 0.006242 seconds
  Import took 0.009241 seconds .

========================================================================
Received Import Request.
  Time since last request: 0.206353 seconds.
  path: Assets/Scenes/Credits 1.unity
  artifactKey: Guid(140f88461c595a148a13e482aaf16825) Importer(815301076,1909f56bfc062723c751e8b465ee728b)
Start importing Assets/Scenes/Credits 1.unity using Guid(140f88461c595a148a13e482aaf16825) Importer(815301076,1909f56bfc062723c751e8b465ee728b)  -> (artifact id: 'e35d9335e33aec016971b7794c39d40d') in 0.008404 seconds
  Import took 0.011702 seconds .

========================================================================
Received Import Request.
  Time since last request: 2.185123 seconds.
  path: Assets/Scenes/Menu.unity
  artifactKey: Guid(140f88461c595a148a13e482aaf16825) Importer(815301076,1909f56bfc062723c751e8b465ee728b)
Start importing Assets/Scenes/Menu.unity using Guid(140f88461c595a148a13e482aaf16825) Importer(815301076,1909f56bfc062723c751e8b465ee728b)  -> (artifact id: '756918fdef98bb6256b5c53e3dd0118b') in 0.006869 seconds
  Import took 0.009958 seconds .

========================================================================
Received Import Request.
  Time since last request: 158.672997 seconds.
  path: Assets/Scripts/Menu.cs
  artifactKey: Guid(054e345a35293ea4c9f2aff0f7ecdb35) Importer(815301076,1909f56bfc062723c751e8b465ee728b)
Start importing Assets/Scripts/Menu.cs using Guid(054e345a35293ea4c9f2aff0f7ecdb35) Importer(815301076,1909f56bfc062723c751e8b465ee728b)  -> (artifact id: '54bbb225a6459e6dd9600fdd0c77dd67') in 0.008168 seconds
  Import took 0.015008 seconds .

========================================================================
Received Prepare
Registering precompiled user dll's ...
Registered in 0.001649 seconds.
Begin MonoManager ReloadAssembly
Native extension for WindowsStandalone target not found
Refreshing native plugins compatible for Editor in 0.23 ms, found 0 plugins.
Preloading 0 native plugins for Editor in 0.00 ms.
Invoked RoslynAnalysisRunner static constructor.
RoslynAnalysisRunner will not be running.
RoslynAnalysisRunner has terminated.
Mono: successfully reloaded assembly
- Completed reload, in  1.363 seconds
Platform modules already initialized, skipping
Refreshing native plugins compatible for Editor in 0.24 ms, found 0 plugins.
Preloading 0 native plugins for Editor in 0.00 ms.
Unloading 1103 Unused Serialized files (Serialized files now loaded: 0)
System memory in use before: 63.1 MB.
System memory in use after: 63.2 MB.

Unloading 5 unused Assets to reduce memory usage. Loaded Objects now: 1616.
Total: 2.057600 ms (FindLiveObjects: 0.180300 ms CreateObjectMapping: 0.050700 ms MarkObjects: 1.752800 ms  DeleteObjects: 0.071600 ms)

========================================================================
Received Prepare
Registering precompiled user dll's ...
Registered in 0.001865 seconds.
Begin MonoManager ReloadAssembly
Native extension for WindowsStandalone target not found
Refreshing native plugins compatible for Editor in 0.22 ms, found 0 plugins.
Preloading 0 native plugins for Editor in 0.00 ms.
Invoked RoslynAnalysisRunner static constructor.
RoslynAnalysisRunner will not be running.
RoslynAnalysisRunner has terminated.
Mono: successfully reloaded assembly
- Completed reload, in  1.117 seconds
Platform modules already initialized, skipping
Refreshing native plugins compatible for Editor in 0.23 ms, found 0 plugins.
Preloading 0 native plugins for Editor in 0.00 ms.
Unloading 1103 Unused Serialized files (Serialized files now loaded: 0)
System memory in use before: 63.1 MB.
System memory in use after: 63.2 MB.

Unloading 5 unused Assets to reduce memory usage. Loaded Objects now: 1618.
Total: 2.842400 ms (FindLiveObjects: 0.431200 ms CreateObjectMapping: 0.134900 ms MarkObjects: 2.178300 ms  DeleteObjects: 0.096200 ms)

========================================================================
Received Import Request.
  Time since last request: 195.564403 seconds.
  path: Assets/37d21db0-92a8-43ee-9534-fb04ed27919a.png
  artifactKey: Guid(cf333b7175ae34b4bb599999c4e64641) Importer(815301076,1909f56bfc062723c751e8b465ee728b)
Start importing Assets/37d21db0-92a8-43ee-9534-fb04ed27919a.png using Guid(cf333b7175ae34b4bb599999c4e64641) Importer(815301076,1909f56bfc062723c751e8b465ee728b)  -> (artifact id: 'f9bb760bdfe98e59004377d801d4257b') in 0.088409 seconds
  Import took 0.091948 seconds .

========================================================================
Received Prepare
Refreshing native plugins compatible for Editor in 1.70 ms, found 0 plugins.
Preloading 0 native plugins for Editor in 0.00 ms.
Unloading 3 Unused Serialized files (Serialized files now loaded: 0)
System memory in use before: 41.4 MB.
System memory in use after: 41.5 MB.

Unloading 3 unused Assets to reduce memory usage. Loaded Objects now: 1620.
Total: 3.068800 ms (FindLiveObjects: 0.277800 ms CreateObjectMapping: 0.076200 ms MarkObjects: 2.635500 ms  DeleteObjects: 0.076800 ms)

AssetImportWorkerClient::OnTransportError - code=2 error=End of file
